info it worked if it ends with ok
verbose cli [ 'c:\\Program Files (x86)\\nodejs\\node.exe',
verbose cli   'c:\\Program Files (x86)\\nodejs\\node_modules\\npm\\bin\\npm-cli.js',
verbose cli   'install',
verbose cli   'http' ]
info using npm@1.1.0-3
info using node@v0.6.8
verbose config file C:\Users\Christopher\.npmrc
verbose config file c:\Program Files (x86)\nodejs\etc\npmrc
verbose config file c:\Program Files (x86)\nodejs\node_modules\npm\npmrc
verbose mkdir done: c:\Program Files (x86)\nodejs 755
verbose mkdir done: c:\Users\Christopher\Desktop\WSUpload 755
verbose has wscript [ undefined,
verbose has wscript   { file: 'c:\\Users\\Christopher\\Desktop\\WSUpload\\node_modules\\ws\\package.json',
verbose has wscript     contributors: false,
verbose has wscript     serverjs: false,
verbose has wscript     wscript: true } ]
verbose caching c:\Users\Christopher\Desktop\WSUpload\node_modules\ws\package.json
verbose loadDefaults ws@0.4.8
verbose cache add [ 'http', null ]
silly cache add: name, spec, args [ undefined, 'http', [ 'http', null ] ]
verbose parsed url { pathname: 'http', path: 'http', href: 'http' }
verbose addNamed [ 'http', '' ]
verbose addNamed [ null, '' ]
silly name, range, hasData [ 'http', '', false ]
verbose raw, before any munging http
verbose url resolving [ 'https://registry.npmjs.org/', './http' ]
verbose url resolved https://registry.npmjs.org/http
http GET https://registry.npmjs.org/http
http 404 https://registry.npmjs.org/http
silly get cb [ 404,
silly get cb   { server: 'CouchDB/1.1.0 (Erlang OTP/R14B04)',
silly get cb     date: 'Sat, 03 Mar 2012 18:33:32 GMT',
silly get cb     'content-type': 'application/json',
silly get cb     'content-length': '52',
silly get cb     'cache-control': 'must-revalidate' } ]
ERR! 404 'http' is not in the npm registry.
ERR! 404 You should bug the author to publish it
ERR! 404 Note that you can also install from a
ERR! 404 tarball, folder, or http url, or git url.
ERR! 
ERR! System Windows_NT 6.1.7600
ERR! command "c:\\Program Files (x86)\\nodejs\\node.exe" "c:\\Program Files (x86)\\nodejs\\node_modules\\npm\\bin\\npm-cli.js" "install" "http"
ERR! cwd c:\Users\Christopher\Desktop\WSUpload
ERR! node -v v0.6.8
ERR! npm -v 1.1.0-3
ERR! code E404
ERR! message 404 Not Found: http
ERR! errno {}
verbose exit [ 1, true ]
